# JRE version: Java(TM) SE Runtime Environment (8.0_192-b12) (build 1.8.0_192-b12)
# Java VM: Java HotSpot(TM) 64-Bit Server VM (25.192-b12 mixed mode windows-amd64 compressed oops)
Heap:
 PSYoungGen      total 313344K, used 276742K [0x000000076b200000, 0x0000000782f00000, 0x00000007c0000000)
  eden space 291328K, 94% used [0x000000076b200000,0x000000077c0418c8,0x000000077ce80000)
  from space 22016K, 0% used [0x000000077e500000,0x000000077e500000,0x000000077fa80000)
  to   space 23040K, 0% used [0x000000077ce80000,0x000000077ce80000,0x000000077e500000)
 ParOldGen       total 205312K, used 30149K [0x00000006c1600000, 0x00000006cde80000, 0x000000076b200000)
  object space 205312K, 14% used [0x00000006c1600000,0x00000006c3371600,0x00000006cde80000)
 Metaspace       used 67115K, capacity 69516K, committed 69632K, reserved 1110016K
  class space    used 8688K, capacity 9161K, committed 9216K, reserved 1048576K
GC Heap History (10 events):
Event: 5.887 GC heap before
{Heap before GC invocations=9 (full 2):
 PSYoungGen      total 164864K, used 13666K [0x000000076b200000, 0x000000077be00000, 0x00000007c0000000)
  eden space 151040K, 0% used [0x000000076b200000,0x000000076b200000,0x0000000774580000)
  from space 13824K, 98% used [0x0000000774580000,0x00000007752d8a20,0x0000000775300000)
  to   space 15872K, 0% used [0x000000077ae80000,0x000000077ae80000,0x000000077be00000)
 ParOldGen       total 102400K, used 10690K [0x00000006c1600000, 0x00000006c7a00000, 0x000000076b200000)
  object space 102400K, 10% used [0x00000006c1600000,0x00000006c2070b50,0x00000006c7a00000)
 Metaspace       used 33803K, capacity 35282K, committed 35456K, reserved 1079296K
  class space    used 4554K, capacity 4867K, committed 4992K, reserved 1048576K
Event: 5.929 GC heap after
Heap after GC invocations=9 (full 2):
 PSYoungGen      total 164864K, used 0K [0x000000076b200000, 0x000000077be00000, 0x00000007c0000000)
  eden space 151040K, 0% used [0x000000076b200000,0x000000076b200000,0x0000000774580000)
  from space 13824K, 0% used [0x0000000774580000,0x0000000774580000,0x0000000775300000)
  to   space 15872K, 0% used [0x000000077ae80000,0x000000077ae80000,0x000000077be00000)
 ParOldGen       total 159232K, used 19339K [0x00000006c1600000, 0x00000006cb180000, 0x000000076b200000)
  object space 159232K, 12% used [0x00000006c1600000,0x00000006c28e2ec0,0x00000006cb180000)
 Metaspace       used 33803K, capacity 35282K, committed 35456K, reserved 1079296K
  class space    used 4554K, capacity 4867K, committed 4992K, reserved 1048576K
}
Event: 7.299 GC heap before
{Heap before GC invocations=10 (full 2):
 PSYoungGen      total 164864K, used 151040K [0x000000076b200000, 0x000000077be00000, 0x00000007c0000000)
  eden space 151040K, 100% used [0x000000076b200000,0x0000000774580000,0x0000000774580000)
  from space 13824K, 0% used [0x0000000774580000,0x0000000774580000,0x0000000775300000)
  to   space 15872K, 0% used [0x000000077ae80000,0x000000077ae80000,0x000000077be00000)
 ParOldGen       total 159232K, used 19339K [0x00000006c1600000, 0x00000006cb180000, 0x000000076b200000)
  object space 159232K, 12% used [0x00000006c1600000,0x00000006c28e2ec0,0x00000006cb180000)
 Metaspace       used 43818K, capacity 45372K, committed 45568K, reserved 1089536K
  class space    used 5744K, capacity 6058K, committed 6144K, reserved 1048576K
Event: 7.310 GC heap after
Heap after GC invocations=10 (full 2):
 PSYoungGen      total 241152K, used 14765K [0x000000076b200000, 0x000000077bd00000, 0x00000007c0000000)
  eden space 226304K, 0% used [0x000000076b200000,0x000000076b200000,0x0000000778f00000)
  from space 14848K, 99% used [0x000000077ae80000,0x000000077bceb4a0,0x000000077bd00000)
  to   space 17408K, 0% used [0x0000000779b00000,0x0000000779b00000,0x000000077ac00000)
 ParOldGen       total 159232K, used 19347K [0x00000006c1600000, 0x00000006cb180000, 0x000000076b200000)
  object space 159232K, 12% used [0x00000006c1600000,0x00000006c28e4ec0,0x00000006cb180000)
 Metaspace       used 43818K, capacity 45372K, committed 45568K, reserved 1089536K
  class space    used 5744K, capacity 6058K, committed 6144K, reserved 1048576K
}
Event: 10.330 GC heap before
{Heap before GC invocations=11 (full 2):
 PSYoungGen      total 241152K, used 241069K [0x000000076b200000, 0x000000077bd00000, 0x00000007c0000000)
  eden space 226304K, 100% used [0x000000076b200000,0x0000000778f00000,0x0000000778f00000)
  from space 14848K, 99% used [0x000000077ae80000,0x000000077bceb4a0,0x000000077bd00000)
  to   space 17408K, 0% used [0x0000000779b00000,0x0000000779b00000,0x000000077ac00000)
 ParOldGen       total 159232K, used 19347K [0x00000006c1600000, 0x00000006cb180000, 0x000000076b200000)
  object space 159232K, 12% used [0x00000006c1600000,0x00000006c28e4ec0,0x00000006cb180000)
 Metaspace       used 55804K, capacity 57608K, committed 57856K, reserved 1099776K
  class space    used 7267K, capacity 7609K, committed 7680K, reserved 1048576K
Event: 10.358 GC heap after
Heap after GC invocations=11 (full 2):
 PSYoungGen      total 256000K, used 17399K [0x000000076b200000, 0x000000077fa80000, 0x00000007c0000000)
  eden space 238592K, 0% used [0x000000076b200000,0x000000076b200000,0x0000000779b00000)
  from space 17408K, 99% used [0x0000000779b00000,0x000000077abfdc20,0x000000077ac00000)
  to   space 22016K, 0% used [0x000000077e500000,0x000000077e500000,0x000000077fa80000)
 ParOldGen       total 159232K, used 25773K [0x00000006c1600000, 0x00000006cb180000, 0x000000076b200000)
  object space 159232K, 16% used [0x00000006c1600000,0x00000006c2f2b4f8,0x00000006cb180000)
 Metaspace       used 55804K, capacity 57608K, committed 57856K, reserved 1099776K
  class space    used 7267K, capacity 7609K, committed 7680K, reserved 1048576K
}
Event: 10.558 GC heap before
{Heap before GC invocations=12 (full 2):
 PSYoungGen      total 256000K, used 40387K [0x000000076b200000, 0x000000077fa80000, 0x00000007c0000000)
  eden space 238592K, 9% used [0x000000076b200000,0x000000076c873120,0x0000000779b00000)
  from space 17408K, 99% used [0x0000000779b00000,0x000000077abfdc20,0x000000077ac00000)
  to   space 22016K, 0% used [0x000000077e500000,0x000000077e500000,0x000000077fa80000)
 ParOldGen       total 159232K, used 25773K [0x00000006c1600000, 0x00000006cb180000, 0x000000076b200000)
  object space 159232K, 16% used [0x00000006c1600000,0x00000006c2f2b4f8,0x00000006cb180000)
 Metaspace       used 57098K, capacity 58848K, committed 59096K, reserved 1101824K
  class space    used 7356K, capacity 7743K, committed 7808K, reserved 1048576K
Event: 10.580 GC heap after
Heap after GC invocations=12 (full 2):
 PSYoungGen      total 313344K, used 16163K [0x000000076b200000, 0x0000000782f00000, 0x00000007c0000000)
  eden space 291328K, 0% used [0x000000076b200000,0x000000076b200000,0x000000077ce80000)
  from space 22016K, 73% used [0x000000077e500000,0x000000077f4c8e30,0x000000077fa80000)
  to   space 23040K, 0% used [0x000000077ce80000,0x000000077ce80000,0x000000077e500000)
 ParOldGen       total 159232K, used 25781K [0x00000006c1600000, 0x00000006cb180000, 0x000000076b200000)
  object space 159232K, 16% used [0x00000006c1600000,0x00000006c2f2d4f8,0x00000006cb180000)
 Metaspace       used 57098K, capacity 58848K, committed 59096K, reserved 1101824K
  class space    used 7356K, capacity 7743K, committed 7808K, reserved 1048576K
}
Event: 10.580 GC heap before
{Heap before GC invocations=13 (full 3):
 PSYoungGen      total 313344K, used 16163K [0x000000076b200000, 0x0000000782f00000, 0x00000007c0000000)
  eden space 291328K, 0% used [0x000000076b200000,0x000000076b200000,0x000000077ce80000)
  from space 22016K, 73% used [0x000000077e500000,0x000000077f4c8e30,0x000000077fa80000)
  to   space 23040K, 0% used [0x000000077ce80000,0x000000077ce80000,0x000000077e500000)
 ParOldGen       total 159232K, used 25781K [0x00000006c1600000, 0x00000006cb180000, 0x000000076b200000)
  object space 159232K, 16% used [0x00000006c1600000,0x00000006c2f2d4f8,0x00000006cb180000)
 Metaspace       used 57098K, capacity 58848K, committed 59096K, reserved 1101824K
  class space    used 7356K, capacity 7743K, committed 7808K, reserved 1048576K
Event: 10.785 GC heap after
Heap after GC invocations=13 (full 3):
 PSYoungGen      total 313344K, used 0K [0x000000076b200000, 0x0000000782f00000, 0x00000007c0000000)
  eden space 291328K, 0% used [0x000000076b200000,0x000000076b200000,0x000000077ce80000)
  from space 22016K, 0% used [0x000000077e500000,0x000000077e500000,0x000000077fa80000)
  to   space 23040K, 0% used [0x000000077ce80000,0x000000077ce80000,0x000000077e500000)
 ParOldGen       total 205312K, used 30149K [0x00000006c1600000, 0x00000006cde80000, 0x000000076b200000)
  object space 205312K, 14% used [0x00000006c1600000,0x00000006c3371600,0x00000006cde80000)
 Metaspace       used 57098K, capacity 58848K, committed 59096K, reserved 1101824K
  class space    used 7356K, capacity 7743K, committed 7808K, reserved 1048576K
}

